node : C:\Users\91883\D
esktop\project_a\backen
d\db\index.js:6
At line:1 char:1
+ node server.js 2>&1 
| Out-File -Encoding 
utf8 error_utf8.log
+ ~~~~~~~~~~~~~~~~~~~
    + CategoryInfo     
         : NotSpecifi  
  ed: (C:\Users\9188   
 3\...d\db\index.js    
:6:String) [], Rem    
oteException
    + FullyQualifiedEr 
   rorId : NativeComm  
  andError
 
  throw new 
Error('DATABASE_URL is 
not set in the 
environment');
  ^

Error: DATABASE_URL is 
not set in the 
environment
    at 
Object.<anonymous> (C:\
Users\91883\Desktop\pro
ject_a\backend\db\index
.js:6:9)
    at Module._compile 
(node:internal/modules/
cjs/loader:1761:14)
    at Object..js (node
:internal/modules/cjs/l
oader:1893:10)
    at Module.load (nod
e:internal/modules/cjs/
loader:1481:32)
    at Module._load (no
de:internal/modules/cjs
/loader:1300:12)
    at TracingChannel.t
raceSync (node:diagnost
ics_channel:328:14)
    at wrapModuleLoad (
node:internal/modules/c
js/loader:245:24)
    at Module.require (
node:internal/modules/c
js/loader:1504:12)
    at require (node:in
ternal/modules/helpers:
152:16)
    at 
Object.<anonymous> (C:\
Users\91883\Desktop\pro
ject_a\backend\routes\s
toryRoutes.js:3:16)

Node.js v24.12.0
